<?xml version="1.0" encoding="UTF-8"?>
<testng-results ignored="0" total="1" passed="1" failed="0" skipped="0">
  <reporter-output>
  </reporter-output>
  <suite started-at="2025-11-30T18:04:50 IST" name="Default suite" finished-at="2025-11-30T18:05:02 IST" duration-ms="11727">
    <groups>
    </groups>
    <test started-at="2025-11-30T18:04:50 IST" name="Default test" finished-at="2025-11-30T18:05:02 IST" duration-ms="11727">
      <class name="New">
        <test-method signature="TestGoogle()[pri:0, instance:New@49ec71f8]" started-at="2025-11-30T18:04:50 IST" name="TestGoogle" finished-at="2025-11-30T18:05:02 IST" duration-ms="11661" status="PASS">
          <reporter-output>
          </reporter-output>
        </test-method> <!-- TestGoogle -->
      </class> <!-- New -->
    </test> <!-- Default test -->
  </suite> <!-- Default suite -->
</testng-results>
